mode: set
github.com/flatmapit/crgodicom/internal/cli/associate.go:14.38,47.2 1 0
github.com/flatmapit/crgodicom/internal/cli/associate.go:49.44,71.44 7 0
github.com/flatmapit/crgodicom/internal/cli/associate.go:71.44,73.3 1 0
github.com/flatmapit/crgodicom/internal/cli/associate.go:75.2,87.12 8 0
github.com/flatmapit/crgodicom/internal/cli/check-dcmtk.go:12.45,31.2 1 0
github.com/flatmapit/crgodicom/internal/cli/check-dcmtk.go:33.45,44.16 7 0
github.com/flatmapit/crgodicom/internal/cli/check-dcmtk.go:44.16,48.22 3 0
github.com/flatmapit/crgodicom/internal/cli/check-dcmtk.go:48.22,52.4 3 0
github.com/flatmapit/crgodicom/internal/cli/check-dcmtk.go:54.3,56.13 3 0
github.com/flatmapit/crgodicom/internal/cli/check-dcmtk.go:60.2,62.15 2 0
github.com/flatmapit/crgodicom/internal/cli/check-dcmtk.go:62.15,64.19 2 0
github.com/flatmapit/crgodicom/internal/cli/check-dcmtk.go:64.19,66.4 1 0
github.com/flatmapit/crgodicom/internal/cli/check-dcmtk.go:66.9,68.4 1 0
github.com/flatmapit/crgodicom/internal/cli/check-dcmtk.go:69.3,72.14 3 0
github.com/flatmapit/crgodicom/internal/cli/check-dcmtk.go:72.14,75.39 3 0
github.com/flatmapit/crgodicom/internal/cli/check-dcmtk.go:75.39,77.5 1 0
github.com/flatmapit/crgodicom/internal/cli/check-dcmtk.go:81.3,85.33 4 0
github.com/flatmapit/crgodicom/internal/cli/check-dcmtk.go:85.33,86.59 1 0
github.com/flatmapit/crgodicom/internal/cli/check-dcmtk.go:86.59,88.5 1 0
github.com/flatmapit/crgodicom/internal/cli/check-dcmtk.go:88.10,90.5 1 0
github.com/flatmapit/crgodicom/internal/cli/check-dcmtk.go:93.3,94.61 2 0
github.com/flatmapit/crgodicom/internal/cli/check-dcmtk.go:96.8,100.22 3 0
github.com/flatmapit/crgodicom/internal/cli/check-dcmtk.go:100.22,103.4 2 0
github.com/flatmapit/crgodicom/internal/cli/check-dcmtk.go:103.9,106.4 2 0
github.com/flatmapit/crgodicom/internal/cli/check-dcmtk.go:108.3,108.61 1 0
github.com/flatmapit/crgodicom/internal/cli/check-dcmtk.go:111.2,111.12 1 0
github.com/flatmapit/crgodicom/internal/cli/check-dcmtk.go:115.37,119.16 3 0
github.com/flatmapit/crgodicom/internal/cli/check-dcmtk.go:119.16,123.3 3 0
github.com/flatmapit/crgodicom/internal/cli/check-dcmtk.go:125.2,126.18 2 0
github.com/flatmapit/crgodicom/internal/cli/check-dcmtk.go:126.18,128.3 1 0
github.com/flatmapit/crgodicom/internal/cli/check-dcmtk.go:128.8,130.3 1 0
github.com/flatmapit/crgodicom/internal/cli/check-dcmtk.go:132.2,132.12 1 0
github.com/flatmapit/crgodicom/internal/cli/check-dcmtk.go:136.48,139.2 2 0
github.com/flatmapit/crgodicom/internal/cli/check-dcmtk.go:142.34,146.2 3 0
github.com/flatmapit/crgodicom/internal/cli/create.go:14.35,72.2 1 1
github.com/flatmapit/crgodicom/internal/cli/create.go:74.41,77.9 2 1
github.com/flatmapit/crgodicom/internal/cli/create.go:77.9,79.3 1 0
github.com/flatmapit/crgodicom/internal/cli/create.go:82.2,83.62 2 1
github.com/flatmapit/crgodicom/internal/cli/create.go:83.62,85.14 2 1
github.com/flatmapit/crgodicom/internal/cli/create.go:85.14,87.4 1 0
github.com/flatmapit/crgodicom/internal/cli/create.go:88.3,89.51 2 1
github.com/flatmapit/crgodicom/internal/cli/create.go:93.2,108.53 2 1
github.com/flatmapit/crgodicom/internal/cli/create.go:108.53,110.3 1 1
github.com/flatmapit/crgodicom/internal/cli/create.go:112.2,122.41 5 1
github.com/flatmapit/crgodicom/internal/cli/create.go:122.41,139.17 3 1
github.com/flatmapit/crgodicom/internal/cli/create.go:139.17,141.4 1 0
github.com/flatmapit/crgodicom/internal/cli/create.go:144.3,144.68 1 1
github.com/flatmapit/crgodicom/internal/cli/create.go:144.68,146.4 1 1
github.com/flatmapit/crgodicom/internal/cli/create.go:148.3,148.81 1 0
github.com/flatmapit/crgodicom/internal/cli/create.go:151.2,152.12 2 0
github.com/flatmapit/crgodicom/internal/cli/create.go:171.59,172.28 1 1
github.com/flatmapit/crgodicom/internal/cli/create.go:172.28,174.3 1 1
github.com/flatmapit/crgodicom/internal/cli/create.go:175.2,175.29 1 1
github.com/flatmapit/crgodicom/internal/cli/create.go:175.29,177.3 1 0
github.com/flatmapit/crgodicom/internal/cli/create.go:178.2,178.28 1 1
github.com/flatmapit/crgodicom/internal/cli/create.go:178.28,180.3 1 1
github.com/flatmapit/crgodicom/internal/cli/create.go:183.2,185.38 3 1
github.com/flatmapit/crgodicom/internal/cli/create.go:185.38,186.29 1 1
github.com/flatmapit/crgodicom/internal/cli/create.go:186.29,188.9 2 1
github.com/flatmapit/crgodicom/internal/cli/create.go:191.2,191.20 1 1
github.com/flatmapit/crgodicom/internal/cli/create.go:191.20,193.3 1 1
github.com/flatmapit/crgodicom/internal/cli/create.go:195.2,195.12 1 1
github.com/flatmapit/crgodicom/internal/cli/dcmtk.go:17.34,65.2 1 0
github.com/flatmapit/crgodicom/internal/cli/dcmtk.go:67.40,75.49 4 0
github.com/flatmapit/crgodicom/internal/cli/dcmtk.go:75.49,77.3 1 0
github.com/flatmapit/crgodicom/internal/cli/dcmtk.go:80.2,82.16 3 0
github.com/flatmapit/crgodicom/internal/cli/dcmtk.go:82.16,84.3 1 0
github.com/flatmapit/crgodicom/internal/cli/dcmtk.go:86.2,86.26 1 0
github.com/flatmapit/crgodicom/internal/cli/dcmtk.go:86.26,88.3 1 0
github.com/flatmapit/crgodicom/internal/cli/dcmtk.go:90.2,94.121 3 0
github.com/flatmapit/crgodicom/internal/cli/dcmtk.go:94.121,96.3 1 0
github.com/flatmapit/crgodicom/internal/cli/dcmtk.go:98.2,102.38 3 0
github.com/flatmapit/crgodicom/internal/cli/dcmtk.go:102.38,105.133 2 0
github.com/flatmapit/crgodicom/internal/cli/dcmtk.go:105.133,107.12 2 0
github.com/flatmapit/crgodicom/internal/cli/dcmtk.go:110.3,111.87 2 0
github.com/flatmapit/crgodicom/internal/cli/dcmtk.go:114.2,114.23 1 0
github.com/flatmapit/crgodicom/internal/cli/dcmtk.go:114.23,116.3 1 0
github.com/flatmapit/crgodicom/internal/cli/dcmtk.go:118.2,119.12 2 0
github.com/flatmapit/crgodicom/internal/cli/dcmtk.go:123.77,126.16 2 0
github.com/flatmapit/crgodicom/internal/cli/dcmtk.go:126.16,128.3 1 0
github.com/flatmapit/crgodicom/internal/cli/dcmtk.go:130.2,137.13 2 0
github.com/flatmapit/crgodicom/internal/cli/dcmtk.go:137.13,139.3 1 0
github.com/flatmapit/crgodicom/internal/cli/dcmtk.go:141.2,146.16 4 0
github.com/flatmapit/crgodicom/internal/cli/dcmtk.go:146.16,148.3 1 0
github.com/flatmapit/crgodicom/internal/cli/dcmtk.go:150.2,151.12 2 0
github.com/flatmapit/crgodicom/internal/cli/dcmtk.go:155.88,158.16 2 0
github.com/flatmapit/crgodicom/internal/cli/dcmtk.go:158.16,160.3 1 0
github.com/flatmapit/crgodicom/internal/cli/dcmtk.go:162.2,170.13 2 0
github.com/flatmapit/crgodicom/internal/cli/dcmtk.go:170.13,172.3 1 0
github.com/flatmapit/crgodicom/internal/cli/dcmtk.go:174.2,182.16 6 0
github.com/flatmapit/crgodicom/internal/cli/dcmtk.go:182.16,184.3 1 0
github.com/flatmapit/crgodicom/internal/cli/dcmtk.go:187.2,193.54 2 0
github.com/flatmapit/crgodicom/internal/cli/dcmtk.go:193.54,196.3 2 0
github.com/flatmapit/crgodicom/internal/cli/dcmtk.go:199.2,201.55 1 0
github.com/flatmapit/crgodicom/internal/cli/dcmtk.go:201.55,203.3 1 0
github.com/flatmapit/crgodicom/internal/cli/dcmtk.go:205.2,205.61 1 0
github.com/flatmapit/crgodicom/internal/cli/dcmtk.go:209.64,212.86 2 0
github.com/flatmapit/crgodicom/internal/cli/dcmtk.go:212.86,213.17 1 0
github.com/flatmapit/crgodicom/internal/cli/dcmtk.go:213.17,215.4 1 0
github.com/flatmapit/crgodicom/internal/cli/dcmtk.go:217.3,217.52 1 0
github.com/flatmapit/crgodicom/internal/cli/dcmtk.go:217.52,219.4 1 0
github.com/flatmapit/crgodicom/internal/cli/dcmtk.go:221.3,221.13 1 0
github.com/flatmapit/crgodicom/internal/cli/dcmtk.go:224.2,224.24 1 0
github.com/flatmapit/crgodicom/internal/cli/echo.go:14.33,47.2 1 0
github.com/flatmapit/crgodicom/internal/cli/echo.go:49.39,71.44 7 0
github.com/flatmapit/crgodicom/internal/cli/echo.go:71.44,73.3 1 0
github.com/flatmapit/crgodicom/internal/cli/echo.go:74.2,80.42 4 0
github.com/flatmapit/crgodicom/internal/cli/echo.go:80.42,82.3 1 0
github.com/flatmapit/crgodicom/internal/cli/echo.go:84.2,85.12 2 0
github.com/flatmapit/crgodicom/internal/cli/export.go:16.35,51.2 1 1
github.com/flatmapit/crgodicom/internal/cli/export.go:53.41,56.9 2 1
github.com/flatmapit/crgodicom/internal/cli/export.go:56.9,58.3 1 0
github.com/flatmapit/crgodicom/internal/cli/export.go:60.2,70.33 9 1
github.com/flatmapit/crgodicom/internal/cli/export.go:70.33,71.18 1 1
github.com/flatmapit/crgodicom/internal/cli/export.go:71.18,73.9 2 1
github.com/flatmapit/crgodicom/internal/cli/export.go:76.2,76.18 1 1
github.com/flatmapit/crgodicom/internal/cli/export.go:76.18,78.3 1 1
github.com/flatmapit/crgodicom/internal/cli/export.go:81.2,81.40 1 1
github.com/flatmapit/crgodicom/internal/cli/export.go:81.40,83.3 1 1
github.com/flatmapit/crgodicom/internal/cli/export.go:84.2,84.41 1 1
github.com/flatmapit/crgodicom/internal/cli/export.go:84.41,86.3 1 1
github.com/flatmapit/crgodicom/internal/cli/export.go:88.2,90.21 3 1
github.com/flatmapit/crgodicom/internal/cli/export.go:90.21,92.3 1 0
github.com/flatmapit/crgodicom/internal/cli/export.go:92.8,94.3 1 1
github.com/flatmapit/crgodicom/internal/cli/export.go:97.2,98.53 2 1
github.com/flatmapit/crgodicom/internal/cli/export.go:98.53,100.3 1 1
github.com/flatmapit/crgodicom/internal/cli/export.go:103.2,108.16 3 0
github.com/flatmapit/crgodicom/internal/cli/export.go:108.16,110.3 1 0
github.com/flatmapit/crgodicom/internal/cli/export.go:113.2,113.16 1 0
github.com/flatmapit/crgodicom/internal/cli/export.go:114.13,115.77 1 0
github.com/flatmapit/crgodicom/internal/cli/export.go:116.13,117.77 1 0
github.com/flatmapit/crgodicom/internal/cli/export.go:118.14,119.52 1 0
github.com/flatmapit/crgodicom/internal/cli/export.go:120.10,121.61 1 0
github.com/flatmapit/crgodicom/internal/cli/export.go:125.2,125.52 1 0
github.com/flatmapit/crgodicom/internal/cli/export.go:125.52,127.3 1 0
github.com/flatmapit/crgodicom/internal/cli/export.go:129.2,130.12 2 0
github.com/flatmapit/crgodicom/internal/cli/export.go:134.75,155.16 4 0
github.com/flatmapit/crgodicom/internal/cli/export.go:155.16,157.3 1 0
github.com/flatmapit/crgodicom/internal/cli/export.go:159.2,159.32 1 0
github.com/flatmapit/crgodicom/internal/cli/export.go:159.32,160.64 1 0
github.com/flatmapit/crgodicom/internal/cli/export.go:160.64,174.18 4 0
github.com/flatmapit/crgodicom/internal/cli/export.go:174.18,175.13 1 0
github.com/flatmapit/crgodicom/internal/cli/export.go:179.4,179.30 1 0
github.com/flatmapit/crgodicom/internal/cli/export.go:179.30,191.5 2 0
github.com/flatmapit/crgodicom/internal/cli/export.go:193.4,193.47 1 0
github.com/flatmapit/crgodicom/internal/cli/export.go:197.2,197.19 1 0
github.com/flatmapit/crgodicom/internal/cli/export.go:201.62,205.16 3 0
github.com/flatmapit/crgodicom/internal/cli/export.go:205.16,207.3 1 0
github.com/flatmapit/crgodicom/internal/cli/export.go:209.2,209.32 1 0
github.com/flatmapit/crgodicom/internal/cli/export.go:209.32,210.61 1 0
github.com/flatmapit/crgodicom/internal/cli/export.go:210.61,212.4 1 0
github.com/flatmapit/crgodicom/internal/cli/export.go:215.2,215.24 1 0
github.com/flatmapit/crgodicom/internal/cli/export.go:219.68,221.25 2 0
github.com/flatmapit/crgodicom/internal/cli/export.go:221.25,223.3 1 0
github.com/flatmapit/crgodicom/internal/cli/export.go:225.2,228.30 2 0
github.com/flatmapit/crgodicom/internal/cli/export.go:228.30,229.30 1 0
github.com/flatmapit/crgodicom/internal/cli/export.go:229.30,235.4 3 0
github.com/flatmapit/crgodicom/internal/cli/export.go:238.2,238.18 1 0
github.com/flatmapit/crgodicom/internal/cli/list.go:15.33,38.2 1 1
github.com/flatmapit/crgodicom/internal/cli/list.go:40.39,43.9 2 1
github.com/flatmapit/crgodicom/internal/cli/list.go:43.9,45.3 1 0
github.com/flatmapit/crgodicom/internal/cli/list.go:47.2,54.33 6 1
github.com/flatmapit/crgodicom/internal/cli/list.go:54.33,55.18 1 1
github.com/flatmapit/crgodicom/internal/cli/list.go:55.18,57.9 2 1
github.com/flatmapit/crgodicom/internal/cli/list.go:60.2,60.18 1 1
github.com/flatmapit/crgodicom/internal/cli/list.go:60.18,62.3 1 1
github.com/flatmapit/crgodicom/internal/cli/list.go:64.2,68.54 3 1
github.com/flatmapit/crgodicom/internal/cli/list.go:68.54,73.3 4 1
github.com/flatmapit/crgodicom/internal/cli/list.go:77.2,78.16 2 1
github.com/flatmapit/crgodicom/internal/cli/list.go:78.16,80.3 1 0
github.com/flatmapit/crgodicom/internal/cli/list.go:82.2,82.23 1 1
github.com/flatmapit/crgodicom/internal/cli/list.go:82.23,85.3 2 1
github.com/flatmapit/crgodicom/internal/cli/list.go:88.2,88.16 1 1
github.com/flatmapit/crgodicom/internal/cli/list.go:89.15,90.40 1 1
github.com/flatmapit/crgodicom/internal/cli/list.go:91.14,92.39 1 0
github.com/flatmapit/crgodicom/internal/cli/list.go:93.13,94.38 1 0
github.com/flatmapit/crgodicom/internal/cli/list.go:97.2,97.12 1 1
github.com/flatmapit/crgodicom/internal/cli/list.go:114.57,118.87 2 1
github.com/flatmapit/crgodicom/internal/cli/list.go:118.87,119.17 1 1
github.com/flatmapit/crgodicom/internal/cli/list.go:119.17,121.4 1 0
github.com/flatmapit/crgodicom/internal/cli/list.go:124.3,124.40 1 1
github.com/flatmapit/crgodicom/internal/cli/list.go:124.40,127.29 2 1
github.com/flatmapit/crgodicom/internal/cli/list.go:127.29,129.19 2 1
github.com/flatmapit/crgodicom/internal/cli/list.go:129.19,135.6 2 0
github.com/flatmapit/crgodicom/internal/cli/list.go:135.11,137.6 1 1
github.com/flatmapit/crgodicom/internal/cli/list.go:141.3,141.13 1 1
github.com/flatmapit/crgodicom/internal/cli/list.go:144.2,144.21 1 1
github.com/flatmapit/crgodicom/internal/cli/list.go:148.33,150.17 1 1
github.com/flatmapit/crgodicom/internal/cli/list.go:150.17,152.3 1 0
github.com/flatmapit/crgodicom/internal/cli/list.go:154.2,154.13 1 1
github.com/flatmapit/crgodicom/internal/cli/list.go:158.56,174.2 2 1
github.com/flatmapit/crgodicom/internal/cli/list.go:177.61,178.13 1 1
github.com/flatmapit/crgodicom/internal/cli/list.go:178.13,182.3 2 0
github.com/flatmapit/crgodicom/internal/cli/list.go:182.8,186.3 2 1
github.com/flatmapit/crgodicom/internal/cli/list.go:188.2,188.32 1 1
github.com/flatmapit/crgodicom/internal/cli/list.go:188.32,189.14 1 1
github.com/flatmapit/crgodicom/internal/cli/list.go:189.14,193.4 1 0
github.com/flatmapit/crgodicom/internal/cli/list.go:193.9,197.4 1 1
github.com/flatmapit/crgodicom/internal/cli/list.go:202.60,205.2 1 0
github.com/flatmapit/crgodicom/internal/cli/list.go:208.59,211.2 1 0
github.com/flatmapit/crgodicom/internal/cli/orm.go:17.38,75.2 1 1
github.com/flatmapit/crgodicom/internal/cli/orm.go:78.48,88.13 9 1
github.com/flatmapit/crgodicom/internal/cli/orm.go:88.13,90.3 1 0
github.com/flatmapit/crgodicom/internal/cli/orm.go:92.2,96.16 3 1
github.com/flatmapit/crgodicom/internal/cli/orm.go:96.16,98.3 1 1
github.com/flatmapit/crgodicom/internal/cli/orm.go:101.2,101.21 1 1
github.com/flatmapit/crgodicom/internal/cli/orm.go:101.21,104.3 2 1
github.com/flatmapit/crgodicom/internal/cli/orm.go:107.2,129.16 7 1
github.com/flatmapit/crgodicom/internal/cli/orm.go:129.16,131.3 1 0
github.com/flatmapit/crgodicom/internal/cli/orm.go:133.2,137.16 3 1
github.com/flatmapit/crgodicom/internal/cli/orm.go:137.16,139.3 1 0
github.com/flatmapit/crgodicom/internal/cli/orm.go:142.2,142.69 1 1
github.com/flatmapit/crgodicom/internal/cli/orm.go:142.69,144.3 1 0
github.com/flatmapit/crgodicom/internal/cli/orm.go:146.2,148.13 2 1
github.com/flatmapit/crgodicom/internal/cli/orm.go:148.13,156.51 7 0
github.com/flatmapit/crgodicom/internal/cli/orm.go:156.51,158.4 1 0
github.com/flatmapit/crgodicom/internal/cli/orm.go:160.3,162.53 3 0
github.com/flatmapit/crgodicom/internal/cli/orm.go:165.2,165.12 1 1
github.com/flatmapit/crgodicom/internal/cli/orm.go:169.46,171.13 2 1
github.com/flatmapit/crgodicom/internal/cli/orm.go:172.22,173.15 1 1
github.com/flatmapit/crgodicom/internal/cli/orm.go:174.13,175.14 1 1
github.com/flatmapit/crgodicom/internal/cli/orm.go:176.14,177.15 1 1
github.com/flatmapit/crgodicom/internal/cli/orm.go:178.15,179.16 1 1
github.com/flatmapit/crgodicom/internal/cli/orm.go:180.23,181.16 1 1
github.com/flatmapit/crgodicom/internal/cli/orm.go:182.10,183.15 1 1
github.com/flatmapit/crgodicom/internal/cli/send.go:15.33,60.2 1 0
github.com/flatmapit/crgodicom/internal/cli/send.go:62.39,65.9 2 0
github.com/flatmapit/crgodicom/internal/cli/send.go:65.9,67.3 1 0
github.com/flatmapit/crgodicom/internal/cli/send.go:70.2,79.27 2 0
github.com/flatmapit/crgodicom/internal/cli/send.go:79.27,82.3 2 0
github.com/flatmapit/crgodicom/internal/cli/send.go:85.2,85.75 1 0
github.com/flatmapit/crgodicom/internal/cli/send.go:85.75,87.3 1 0
github.com/flatmapit/crgodicom/internal/cli/send.go:89.2,102.50 7 0
github.com/flatmapit/crgodicom/internal/cli/send.go:102.50,104.3 1 0
github.com/flatmapit/crgodicom/internal/cli/send.go:105.2,108.48 2 0
github.com/flatmapit/crgodicom/internal/cli/send.go:108.48,110.3 1 0
github.com/flatmapit/crgodicom/internal/cli/send.go:113.2,115.16 3 0
github.com/flatmapit/crgodicom/internal/cli/send.go:115.16,117.3 1 0
github.com/flatmapit/crgodicom/internal/cli/send.go:119.2,122.38 3 0
github.com/flatmapit/crgodicom/internal/cli/send.go:122.38,127.17 3 0
github.com/flatmapit/crgodicom/internal/cli/send.go:127.17,129.12 2 0
github.com/flatmapit/crgodicom/internal/cli/send.go:133.3,136.77 2 0
github.com/flatmapit/crgodicom/internal/cli/send.go:136.77,138.12 2 0
github.com/flatmapit/crgodicom/internal/cli/send.go:141.3,141.17 1 0
github.com/flatmapit/crgodicom/internal/cli/send.go:144.2,145.12 2 0
github.com/flatmapit/crgodicom/internal/cli/send.go:149.51,152.81 2 0
github.com/flatmapit/crgodicom/internal/cli/send.go:152.81,153.17 1 0
github.com/flatmapit/crgodicom/internal/cli/send.go:153.17,155.4 1 0
github.com/flatmapit/crgodicom/internal/cli/send.go:158.3,158.52 1 0
github.com/flatmapit/crgodicom/internal/cli/send.go:158.52,160.4 1 0
github.com/flatmapit/crgodicom/internal/cli/send.go:162.3,162.13 1 0
github.com/flatmapit/crgodicom/internal/cli/send.go:165.2,165.24 1 0
github.com/flatmapit/crgodicom/internal/cli/send.go:170.52,174.29 2 0
github.com/flatmapit/crgodicom/internal/cli/send.go:174.29,177.3 1 0
github.com/flatmapit/crgodicom/internal/cli/send.go:178.2,178.38 1 0
github.com/flatmapit/crgodicom/internal/cli/store.go:17.34,60.2 1 0
github.com/flatmapit/crgodicom/internal/cli/store.go:62.40,81.16 7 0
github.com/flatmapit/crgodicom/internal/cli/store.go:81.16,83.3 1 0
github.com/flatmapit/crgodicom/internal/cli/store.go:85.2,85.26 1 0
github.com/flatmapit/crgodicom/internal/cli/store.go:85.26,87.3 1 0
github.com/flatmapit/crgodicom/internal/cli/store.go:89.2,100.44 6 0
github.com/flatmapit/crgodicom/internal/cli/store.go:100.44,102.3 1 0
github.com/flatmapit/crgodicom/internal/cli/store.go:103.2,109.38 4 0
github.com/flatmapit/crgodicom/internal/cli/store.go:109.38,114.17 3 0
github.com/flatmapit/crgodicom/internal/cli/store.go:114.17,116.12 2 0
github.com/flatmapit/crgodicom/internal/cli/store.go:120.3,125.71 3 0
github.com/flatmapit/crgodicom/internal/cli/store.go:125.71,127.12 2 0
github.com/flatmapit/crgodicom/internal/cli/store.go:130.3,131.64 2 0
github.com/flatmapit/crgodicom/internal/cli/store.go:134.2,134.23 1 0
github.com/flatmapit/crgodicom/internal/cli/store.go:134.23,136.3 1 0
github.com/flatmapit/crgodicom/internal/cli/store.go:138.2,139.12 2 0
github.com/flatmapit/crgodicom/internal/cli/store.go:143.63,146.86 2 0
github.com/flatmapit/crgodicom/internal/cli/store.go:146.86,147.17 1 0
github.com/flatmapit/crgodicom/internal/cli/store.go:147.17,149.4 1 0
github.com/flatmapit/crgodicom/internal/cli/store.go:151.3,151.52 1 0
github.com/flatmapit/crgodicom/internal/cli/store.go:151.52,153.4 1 0
github.com/flatmapit/crgodicom/internal/cli/store.go:155.3,155.13 1 0
github.com/flatmapit/crgodicom/internal/cli/store.go:158.2,158.24 1 0
github.com/flatmapit/crgodicom/internal/cli/store.go:162.60,166.2 1 0
github.com/flatmapit/crgodicom/internal/cli/template.go:15.43,56.2 1 0
github.com/flatmapit/crgodicom/internal/cli/template.go:58.49,61.9 2 0
github.com/flatmapit/crgodicom/internal/cli/template.go:61.9,63.3 1 0
github.com/flatmapit/crgodicom/internal/cli/template.go:65.2,76.38 10 0
github.com/flatmapit/crgodicom/internal/cli/template.go:76.38,77.22 1 0
github.com/flatmapit/crgodicom/internal/cli/template.go:77.22,79.9 2 0
github.com/flatmapit/crgodicom/internal/cli/template.go:82.2,82.20 1 0
github.com/flatmapit/crgodicom/internal/cli/template.go:82.20,84.3 1 0
github.com/flatmapit/crgodicom/internal/cli/template.go:87.2,87.22 1 0
github.com/flatmapit/crgodicom/internal/cli/template.go:87.22,89.3 1 0
github.com/flatmapit/crgodicom/internal/cli/template.go:90.2,90.21 1 0
github.com/flatmapit/crgodicom/internal/cli/template.go:90.21,92.3 1 0
github.com/flatmapit/crgodicom/internal/cli/template.go:95.2,95.28 1 0
github.com/flatmapit/crgodicom/internal/cli/template.go:95.28,97.3 1 0
github.com/flatmapit/crgodicom/internal/cli/template.go:100.2,109.22 2 0
github.com/flatmapit/crgodicom/internal/cli/template.go:109.22,111.3 1 0
github.com/flatmapit/crgodicom/internal/cli/template.go:113.2,118.71 4 0
github.com/flatmapit/crgodicom/internal/cli/template.go:118.71,120.3 1 0
github.com/flatmapit/crgodicom/internal/cli/template.go:122.2,127.12 5 0
github.com/flatmapit/crgodicom/internal/cli/template.go:131.88,133.68 1 0
github.com/flatmapit/crgodicom/internal/cli/template.go:133.68,135.3 1 0
github.com/flatmapit/crgodicom/internal/cli/template.go:138.2,148.32 2 0
github.com/flatmapit/crgodicom/internal/cli/template.go:148.32,150.3 1 0
github.com/flatmapit/crgodicom/internal/cli/template.go:151.2,151.30 1 0
github.com/flatmapit/crgodicom/internal/cli/template.go:151.30,153.3 1 0
github.com/flatmapit/crgodicom/internal/cli/template.go:154.2,154.36 1 0
github.com/flatmapit/crgodicom/internal/cli/template.go:154.36,156.3 1 0
github.com/flatmapit/crgodicom/internal/cli/template.go:159.2,169.16 3 0
github.com/flatmapit/crgodicom/internal/cli/template.go:169.16,171.3 1 0
github.com/flatmapit/crgodicom/internal/cli/template.go:174.2,174.61 1 0
github.com/flatmapit/crgodicom/internal/cli/template.go:174.61,176.3 1 0
github.com/flatmapit/crgodicom/internal/cli/template.go:178.2,178.12 1 0
github.com/flatmapit/crgodicom/internal/cli/verify.go:12.35,42.2 1 0
github.com/flatmapit/crgodicom/internal/cli/verify.go:44.41,47.9 2 0
github.com/flatmapit/crgodicom/internal/cli/verify.go:47.9,49.3 1 0
github.com/flatmapit/crgodicom/internal/cli/verify.go:52.2,61.27 2 0
github.com/flatmapit/crgodicom/internal/cli/verify.go:61.27,64.3 2 0
github.com/flatmapit/crgodicom/internal/cli/verify.go:67.2,67.75 1 0
github.com/flatmapit/crgodicom/internal/cli/verify.go:67.75,69.3 1 0
github.com/flatmapit/crgodicom/internal/cli/verify.go:71.2,79.12 4 0
github.com/flatmapit/crgodicom/internal/orm/parser/go_struct_parser.go:20.42,24.2 1 0
github.com/flatmapit/crgodicom/internal/orm/parser/go_struct_parser.go:27.77,30.16 2 0
github.com/flatmapit/crgodicom/internal/orm/parser/go_struct_parser.go:30.16,32.3 1 0
github.com/flatmapit/crgodicom/internal/orm/parser/go_struct_parser.go:34.2,37.42 2 0
github.com/flatmapit/crgodicom/internal/orm/parser/go_struct_parser.go:37.42,38.27 1 0
github.com/flatmapit/crgodicom/internal/orm/parser/go_struct_parser.go:39.22,40.57 1 0
github.com/flatmapit/crgodicom/internal/orm/parser/go_struct_parser.go:40.57,42.19 2 0
github.com/flatmapit/crgodicom/internal/orm/parser/go_struct_parser.go:42.19,45.6 1 0
github.com/flatmapit/crgodicom/internal/orm/parser/go_struct_parser.go:46.5,46.35 1 0
github.com/flatmapit/crgodicom/internal/orm/parser/go_struct_parser.go:49.3,49.14 1 0
github.com/flatmapit/crgodicom/internal/orm/parser/go_struct_parser.go:52.2,52.22 1 0
github.com/flatmapit/crgodicom/internal/orm/parser/go_struct_parser.go:52.22,54.3 1 0
github.com/flatmapit/crgodicom/internal/orm/parser/go_struct_parser.go:56.2,56.20 1 0
github.com/flatmapit/crgodicom/internal/orm/parser/go_struct_parser.go:60.108,68.47 2 0
github.com/flatmapit/crgodicom/internal/orm/parser/go_struct_parser.go:68.47,70.17 2 0
github.com/flatmapit/crgodicom/internal/orm/parser/go_struct_parser.go:70.17,72.12 1 0
github.com/flatmapit/crgodicom/internal/orm/parser/go_struct_parser.go:74.3,74.56 1 0
github.com/flatmapit/crgodicom/internal/orm/parser/go_struct_parser.go:77.2,77.19 1 0
github.com/flatmapit/crgodicom/internal/orm/parser/go_struct_parser.go:81.83,85.35 2 0
github.com/flatmapit/crgodicom/internal/orm/parser/go_struct_parser.go:85.35,92.23 2 0
github.com/flatmapit/crgodicom/internal/orm/parser/go_struct_parser.go:92.23,98.62 3 0
github.com/flatmapit/crgodicom/internal/orm/parser/go_struct_parser.go:98.62,100.5 1 0
github.com/flatmapit/crgodicom/internal/orm/parser/go_struct_parser.go:103.4,106.50 4 0
github.com/flatmapit/crgodicom/internal/orm/parser/go_struct_parser.go:110.3,110.67 1 0
github.com/flatmapit/crgodicom/internal/orm/parser/go_struct_parser.go:110.67,112.4 1 0
github.com/flatmapit/crgodicom/internal/orm/parser/go_struct_parser.go:115.2,115.22 1 0
github.com/flatmapit/crgodicom/internal/orm/parser/go_struct_parser.go:119.68,120.26 1 0
github.com/flatmapit/crgodicom/internal/orm/parser/go_struct_parser.go:121.18,122.17 1 0
github.com/flatmapit/crgodicom/internal/orm/parser/go_struct_parser.go:123.17,124.30 1 0
github.com/flatmapit/crgodicom/internal/orm/parser/go_struct_parser.go:125.49,126.27 1 0
github.com/flatmapit/crgodicom/internal/orm/parser/go_struct_parser.go:127.54,128.28 1 0
github.com/flatmapit/crgodicom/internal/orm/parser/go_struct_parser.go:129.29,130.29 1 0
github.com/flatmapit/crgodicom/internal/orm/parser/go_struct_parser.go:131.15,132.28 1 0
github.com/flatmapit/crgodicom/internal/orm/parser/go_struct_parser.go:133.15,134.29 1 0
github.com/flatmapit/crgodicom/internal/orm/parser/go_struct_parser.go:135.11,136.30 1 0
github.com/flatmapit/crgodicom/internal/orm/parser/go_struct_parser.go:138.25,140.40 1 0
github.com/flatmapit/crgodicom/internal/orm/parser/go_struct_parser.go:140.40,141.52 1 0
github.com/flatmapit/crgodicom/internal/orm/parser/go_struct_parser.go:141.52,143.5 1 0
github.com/flatmapit/crgodicom/internal/orm/parser/go_struct_parser.go:145.3,145.29 1 0
github.com/flatmapit/crgodicom/internal/orm/parser/go_struct_parser.go:146.22,147.28 1 0
github.com/flatmapit/crgodicom/internal/orm/parser/go_struct_parser.go:148.21,149.30 1 0
github.com/flatmapit/crgodicom/internal/orm/parser/go_struct_parser.go:150.10,151.30 1 0
github.com/flatmapit/crgodicom/internal/orm/parser/go_struct_parser.go:156.71,159.29 2 0
github.com/flatmapit/crgodicom/internal/orm/parser/go_struct_parser.go:159.29,160.40 1 0
github.com/flatmapit/crgodicom/internal/orm/parser/go_struct_parser.go:160.40,166.72 3 0
github.com/flatmapit/crgodicom/internal/orm/parser/go_struct_parser.go:166.72,169.24 3 0
github.com/flatmapit/crgodicom/internal/orm/parser/go_struct_parser.go:169.24,172.36 3 0
github.com/flatmapit/crgodicom/internal/orm/parser/go_struct_parser.go:172.36,177.7 1 0
github.com/flatmapit/crgodicom/internal/orm/parser/go_struct_parser.go:182.2,182.12 1 0
github.com/flatmapit/crgodicom/internal/orm/parser/go_struct_parser.go:186.62,190.2 1 0
github.com/flatmapit/crgodicom/internal/orm/parser/go_struct_parser.go:193.68,195.29 2 0
github.com/flatmapit/crgodicom/internal/orm/parser/go_struct_parser.go:195.29,196.42 1 0
github.com/flatmapit/crgodicom/internal/orm/parser/go_struct_parser.go:196.42,198.4 1 0
github.com/flatmapit/crgodicom/internal/orm/parser/go_struct_parser.go:200.2,200.11 1 0
github.com/flatmapit/crgodicom/internal/orm/parser/go_struct_parser.go:204.66,206.29 2 0
github.com/flatmapit/crgodicom/internal/orm/parser/go_struct_parser.go:206.29,207.43 1 0
github.com/flatmapit/crgodicom/internal/orm/parser/go_struct_parser.go:207.43,209.4 1 0
github.com/flatmapit/crgodicom/internal/orm/parser/go_struct_parser.go:211.2,211.11 1 0
github.com/flatmapit/crgodicom/internal/orm/parser/go_struct_parser.go:215.65,217.29 2 0
github.com/flatmapit/crgodicom/internal/orm/parser/go_struct_parser.go:217.29,218.44 1 0
github.com/flatmapit/crgodicom/internal/orm/parser/go_struct_parser.go:218.44,220.4 1 0
github.com/flatmapit/crgodicom/internal/orm/parser/go_struct_parser.go:222.2,222.11 1 0
github.com/flatmapit/crgodicom/internal/orm/parser/go_struct_parser.go:226.60,228.2 1 0
github.com/flatmapit/crgodicom/internal/orm/parser/go_struct_parser.go:231.49,233.2 1 0
github.com/flatmapit/crgodicom/internal/orm/parser/hl7_parser.go:21.38,29.2 1 1
github.com/flatmapit/crgodicom/internal/orm/parser/hl7_parser.go:118.75,120.16 2 1
github.com/flatmapit/crgodicom/internal/orm/parser/hl7_parser.go:120.16,122.3 1 0
github.com/flatmapit/crgodicom/internal/orm/parser/hl7_parser.go:125.2,132.20 2 1
github.com/flatmapit/crgodicom/internal/orm/parser/hl7_parser.go:136.75,140.29 3 1
github.com/flatmapit/crgodicom/internal/orm/parser/hl7_parser.go:140.29,142.21 2 1
github.com/flatmapit/crgodicom/internal/orm/parser/hl7_parser.go:142.21,143.12 1 1
github.com/flatmapit/crgodicom/internal/orm/parser/hl7_parser.go:146.3,147.24 2 1
github.com/flatmapit/crgodicom/internal/orm/parser/hl7_parser.go:147.24,148.12 1 1
github.com/flatmapit/crgodicom/internal/orm/parser/hl7_parser.go:151.3,152.22 2 1
github.com/flatmapit/crgodicom/internal/orm/parser/hl7_parser.go:153.14,154.38 1 1
github.com/flatmapit/crgodicom/internal/orm/parser/hl7_parser.go:155.14,156.38 1 1
github.com/flatmapit/crgodicom/internal/orm/parser/hl7_parser.go:157.14,158.38 1 1
github.com/flatmapit/crgodicom/internal/orm/parser/hl7_parser.go:159.14,160.38 1 1
github.com/flatmapit/crgodicom/internal/orm/parser/hl7_parser.go:161.14,162.38 1 1
github.com/flatmapit/crgodicom/internal/orm/parser/hl7_parser.go:163.14,165.42 2 0
github.com/flatmapit/crgodicom/internal/orm/parser/hl7_parser.go:169.2,169.21 1 1
github.com/flatmapit/crgodicom/internal/orm/parser/hl7_parser.go:173.77,213.2 1 1
github.com/flatmapit/crgodicom/internal/orm/parser/hl7_parser.go:216.87,267.2 1 1
github.com/flatmapit/crgodicom/internal/orm/parser/hl7_parser.go:270.75,300.2 1 1
github.com/flatmapit/crgodicom/internal/orm/parser/hl7_parser.go:303.75,328.2 1 1
github.com/flatmapit/crgodicom/internal/orm/parser/hl7_parser.go:331.59,333.23 2 1
github.com/flatmapit/crgodicom/internal/orm/parser/hl7_parser.go:333.23,335.3 1 1
github.com/flatmapit/crgodicom/internal/orm/parser/hl7_parser.go:336.2,336.23 1 1
github.com/flatmapit/crgodicom/internal/orm/parser/hl7_parser.go:336.23,338.3 1 1
github.com/flatmapit/crgodicom/internal/orm/parser/hl7_parser.go:339.2,339.23 1 1
github.com/flatmapit/crgodicom/internal/orm/parser/hl7_parser.go:339.23,341.3 1 1
github.com/flatmapit/crgodicom/internal/orm/parser/hl7_parser.go:342.2,342.23 1 1
github.com/flatmapit/crgodicom/internal/orm/parser/hl7_parser.go:342.23,344.3 1 1
github.com/flatmapit/crgodicom/internal/orm/parser/hl7_parser.go:345.2,345.23 1 1
github.com/flatmapit/crgodicom/internal/orm/parser/hl7_parser.go:345.23,346.76 1 1
github.com/flatmapit/crgodicom/internal/orm/parser/hl7_parser.go:346.76,348.4 1 1
github.com/flatmapit/crgodicom/internal/orm/parser/hl7_parser.go:350.2,350.23 1 1
github.com/flatmapit/crgodicom/internal/orm/parser/hl7_parser.go:350.23,352.3 1 1
github.com/flatmapit/crgodicom/internal/orm/parser/hl7_parser.go:353.2,353.23 1 1
github.com/flatmapit/crgodicom/internal/orm/parser/hl7_parser.go:353.23,355.3 1 1
github.com/flatmapit/crgodicom/internal/orm/parser/hl7_parser.go:356.2,356.24 1 1
github.com/flatmapit/crgodicom/internal/orm/parser/hl7_parser.go:356.24,358.3 1 1
github.com/flatmapit/crgodicom/internal/orm/parser/hl7_parser.go:359.2,359.24 1 1
github.com/flatmapit/crgodicom/internal/orm/parser/hl7_parser.go:359.24,361.3 1 1
github.com/flatmapit/crgodicom/internal/orm/parser/hl7_parser.go:362.2,362.12 1 1
github.com/flatmapit/crgodicom/internal/orm/parser/hl7_parser.go:365.59,367.23 2 1
github.com/flatmapit/crgodicom/internal/orm/parser/hl7_parser.go:367.23,370.29 2 1
github.com/flatmapit/crgodicom/internal/orm/parser/hl7_parser.go:370.29,371.16 1 1
github.com/flatmapit/crgodicom/internal/orm/parser/hl7_parser.go:371.16,373.5 1 1
github.com/flatmapit/crgodicom/internal/orm/parser/hl7_parser.go:376.2,376.23 1 1
github.com/flatmapit/crgodicom/internal/orm/parser/hl7_parser.go:376.23,379.31 2 1
github.com/flatmapit/crgodicom/internal/orm/parser/hl7_parser.go:379.31,381.58 2 1
github.com/flatmapit/crgodicom/internal/orm/parser/hl7_parser.go:381.58,383.5 1 1
github.com/flatmapit/crgodicom/internal/orm/parser/hl7_parser.go:386.2,386.23 1 1
github.com/flatmapit/crgodicom/internal/orm/parser/hl7_parser.go:386.23,387.66 1 1
github.com/flatmapit/crgodicom/internal/orm/parser/hl7_parser.go:387.66,389.4 1 1
github.com/flatmapit/crgodicom/internal/orm/parser/hl7_parser.go:391.2,391.23 1 1
github.com/flatmapit/crgodicom/internal/orm/parser/hl7_parser.go:391.23,393.3 1 1
github.com/flatmapit/crgodicom/internal/orm/parser/hl7_parser.go:394.2,394.24 1 1
github.com/flatmapit/crgodicom/internal/orm/parser/hl7_parser.go:394.24,396.3 1 1
github.com/flatmapit/crgodicom/internal/orm/parser/hl7_parser.go:397.2,397.12 1 1
github.com/flatmapit/crgodicom/internal/orm/parser/hl7_parser.go:400.59,402.23 2 1
github.com/flatmapit/crgodicom/internal/orm/parser/hl7_parser.go:402.23,404.3 1 1
github.com/flatmapit/crgodicom/internal/orm/parser/hl7_parser.go:405.2,405.23 1 1
github.com/flatmapit/crgodicom/internal/orm/parser/hl7_parser.go:405.23,407.3 1 1
github.com/flatmapit/crgodicom/internal/orm/parser/hl7_parser.go:408.2,408.23 1 1
github.com/flatmapit/crgodicom/internal/orm/parser/hl7_parser.go:408.23,410.3 1 1
github.com/flatmapit/crgodicom/internal/orm/parser/hl7_parser.go:411.2,411.23 1 1
github.com/flatmapit/crgodicom/internal/orm/parser/hl7_parser.go:411.23,413.3 1 1
github.com/flatmapit/crgodicom/internal/orm/parser/hl7_parser.go:414.2,414.24 1 1
github.com/flatmapit/crgodicom/internal/orm/parser/hl7_parser.go:414.24,416.3 1 1
github.com/flatmapit/crgodicom/internal/orm/parser/hl7_parser.go:417.2,417.24 1 1
github.com/flatmapit/crgodicom/internal/orm/parser/hl7_parser.go:417.24,419.3 1 1
github.com/flatmapit/crgodicom/internal/orm/parser/hl7_parser.go:420.2,420.24 1 1
github.com/flatmapit/crgodicom/internal/orm/parser/hl7_parser.go:420.24,422.3 1 1
github.com/flatmapit/crgodicom/internal/orm/parser/hl7_parser.go:423.2,423.12 1 1
github.com/flatmapit/crgodicom/internal/orm/parser/hl7_parser.go:426.59,428.23 2 1
github.com/flatmapit/crgodicom/internal/orm/parser/hl7_parser.go:428.23,430.3 1 1
github.com/flatmapit/crgodicom/internal/orm/parser/hl7_parser.go:431.2,431.23 1 1
github.com/flatmapit/crgodicom/internal/orm/parser/hl7_parser.go:431.23,433.3 1 1
github.com/flatmapit/crgodicom/internal/orm/parser/hl7_parser.go:434.2,434.23 1 1
github.com/flatmapit/crgodicom/internal/orm/parser/hl7_parser.go:434.23,436.3 1 1
github.com/flatmapit/crgodicom/internal/orm/parser/hl7_parser.go:437.2,437.23 1 1
github.com/flatmapit/crgodicom/internal/orm/parser/hl7_parser.go:437.23,439.3 1 1
github.com/flatmapit/crgodicom/internal/orm/parser/hl7_parser.go:440.2,440.23 1 1
github.com/flatmapit/crgodicom/internal/orm/parser/hl7_parser.go:440.23,442.3 1 1
github.com/flatmapit/crgodicom/internal/orm/parser/hl7_parser.go:443.2,443.24 1 1
github.com/flatmapit/crgodicom/internal/orm/parser/hl7_parser.go:443.24,445.3 1 1
github.com/flatmapit/crgodicom/internal/orm/parser/hl7_parser.go:446.2,446.12 1 1
github.com/flatmapit/crgodicom/internal/orm/parser/hl7_parser.go:449.59,451.23 2 1
github.com/flatmapit/crgodicom/internal/orm/parser/hl7_parser.go:451.23,453.3 1 1
github.com/flatmapit/crgodicom/internal/orm/parser/hl7_parser.go:454.2,454.23 1 1
github.com/flatmapit/crgodicom/internal/orm/parser/hl7_parser.go:454.23,456.3 1 1
github.com/flatmapit/crgodicom/internal/orm/parser/hl7_parser.go:457.2,457.23 1 1
github.com/flatmapit/crgodicom/internal/orm/parser/hl7_parser.go:457.23,459.3 1 1
github.com/flatmapit/crgodicom/internal/orm/parser/hl7_parser.go:460.2,460.23 1 1
github.com/flatmapit/crgodicom/internal/orm/parser/hl7_parser.go:460.23,463.33 2 1
github.com/flatmapit/crgodicom/internal/orm/parser/hl7_parser.go:463.33,465.4 1 1
github.com/flatmapit/crgodicom/internal/orm/parser/hl7_parser.go:466.3,466.33 1 1
github.com/flatmapit/crgodicom/internal/orm/parser/hl7_parser.go:466.33,468.4 1 1
github.com/flatmapit/crgodicom/internal/orm/parser/hl7_parser.go:470.2,470.23 1 1
github.com/flatmapit/crgodicom/internal/orm/parser/hl7_parser.go:470.23,472.3 1 1
github.com/flatmapit/crgodicom/internal/orm/parser/hl7_parser.go:473.2,473.24 1 1
github.com/flatmapit/crgodicom/internal/orm/parser/hl7_parser.go:473.24,475.3 1 1
github.com/flatmapit/crgodicom/internal/orm/parser/hl7_parser.go:476.2,476.24 1 1
github.com/flatmapit/crgodicom/internal/orm/parser/hl7_parser.go:476.24,478.3 1 1
github.com/flatmapit/crgodicom/internal/orm/parser/hl7_parser.go:479.2,479.12 1 1
github.com/flatmapit/crgodicom/internal/orm/parser/hl7_parser.go:482.59,484.23 2 0
github.com/flatmapit/crgodicom/internal/orm/parser/hl7_parser.go:484.23,486.3 1 0
github.com/flatmapit/crgodicom/internal/orm/parser/hl7_parser.go:487.2,487.23 1 0
github.com/flatmapit/crgodicom/internal/orm/parser/hl7_parser.go:487.23,489.3 1 0
github.com/flatmapit/crgodicom/internal/orm/parser/hl7_parser.go:490.2,490.23 1 0
github.com/flatmapit/crgodicom/internal/orm/parser/hl7_parser.go:490.23,492.3 1 0
github.com/flatmapit/crgodicom/internal/orm/parser/hl7_parser.go:493.2,493.23 1 0
github.com/flatmapit/crgodicom/internal/orm/parser/hl7_parser.go:493.23,495.3 1 0
github.com/flatmapit/crgodicom/internal/orm/parser/hl7_parser.go:496.2,496.23 1 0
github.com/flatmapit/crgodicom/internal/orm/parser/hl7_parser.go:496.23,498.3 1 0
github.com/flatmapit/crgodicom/internal/orm/parser/hl7_parser.go:499.2,499.23 1 0
github.com/flatmapit/crgodicom/internal/orm/parser/hl7_parser.go:499.23,501.3 1 0
github.com/flatmapit/crgodicom/internal/orm/parser/hl7_parser.go:502.2,502.24 1 0
github.com/flatmapit/crgodicom/internal/orm/parser/hl7_parser.go:502.24,504.3 1 0
github.com/flatmapit/crgodicom/internal/orm/parser/hl7_parser.go:505.2,505.12 1 0
github.com/flatmapit/crgodicom/internal/orm/parser/hl7_parser.go:509.58,511.2 1 1
github.com/flatmapit/crgodicom/internal/orm/parser/hl7_parser.go:514.47,516.2 1 1
